<?xml version="1.0" encoding="UTF-8"?>
<!-- Generated by org.testng.reporters.JUnitXMLReporter -->
<testsuite hostname="Anithas-MBP.attlocal.net" ignored="0" name="ApiRestAssuredTests" tests="4" failures="0" timestamp="2021-02-24T12:33:34 PST" time="3.854" errors="0">
  <testcase name="testGetUsers" time="1.338" classname="com.testapp.apitests.GetUsersTest"/>
  <testcase name="userUpdateTest" time="1.652" classname="com.testapp.apitests.UpdateUserTest"/>
  <testcase name="testGetAUser" time="0.339" classname="com.testapp.apitests.GetUserByIdTest"/>
  <testcase name="deleteUser" time="0.39" classname="com.testapp.apitests.DeleteUserTest"/>
</testsuite> <!-- ApiRestAssuredTests -->
