<?xml version="1.0" encoding="UTF-8"?>
<!-- Generated by org.testng.reporters.JUnitXMLReporter -->
<testsuite hostname="Anithas-MacBook-Pro.local" ignored="0" name="ApiRestAssuredTests" tests="4" failures="0" timestamp="2021-02-27T17:56:38 PST" time="3.232" errors="0">
  <testcase name="testGetUsers" time="1.146" classname="com.testapp.apitests.GetUsersTest"/>
  <testcase name="userUpdateTest" time="1.329" classname="com.testapp.apitests.UpdateUserTest"/>
  <testcase name="testGetAUser" time="0.302" classname="com.testapp.apitests.GetUserByIdTest"/>
  <testcase name="deleteUser" time="0.334" classname="com.testapp.apitests.DeleteUserTest"/>
</testsuite> <!-- ApiRestAssuredTests -->
