<?xml version="1.0" encoding="UTF-8"?>
<testng-results skipped="0" failed="0" ignored="0" total="4" passed="4">
  <reporter-output>
  </reporter-output>
  <suite name="Suite" duration-ms="3854" started-at="2021-02-24T12:33:30 PST" finished-at="2021-02-24T12:33:34 PST">
    <groups>
    </groups>
    <test name="ApiRestAssuredTests" duration-ms="3854" started-at="2021-02-24T12:33:30 PST" finished-at="2021-02-24T12:33:34 PST">
      <class name="com.testapp.apitests.UpdateUserTest">
        <test-method status="PASS" signature="init()[pri:0, instance:com.testapp.apitests.UpdateUserTest@4a3631f8]" name="init" is-config="true" duration-ms="1" started-at="2021-02-24T12:33:31 PST" finished-at="2021-02-24T12:33:31 PST">
          <reporter-output>
          </reporter-output>
        </test-method> <!-- init -->
        <test-method status="PASS" signature="userUpdateTest()[pri:0, instance:com.testapp.apitests.UpdateUserTest@4a3631f8]" name="userUpdateTest" duration-ms="1652" started-at="2021-02-24T12:33:31 PST" finished-at="2021-02-24T12:33:33 PST">
          <reporter-output>
          </reporter-output>
        </test-method> <!-- userUpdateTest -->
      </class> <!-- com.testapp.apitests.UpdateUserTest -->
      <class name="com.testapp.apitests.GetUsersTest">
        <test-method status="PASS" signature="init()[pri:0, instance:com.testapp.apitests.GetUsersTest@26df6e3a]" name="init" is-config="true" duration-ms="13" started-at="2021-02-24T12:33:30 PST" finished-at="2021-02-24T12:33:30 PST">
          <reporter-output>
          </reporter-output>
        </test-method> <!-- init -->
        <test-method status="PASS" signature="testGetUsers()[pri:0, instance:com.testapp.apitests.GetUsersTest@26df6e3a]" name="testGetUsers" duration-ms="1338" started-at="2021-02-24T12:33:30 PST" finished-at="2021-02-24T12:33:31 PST">
          <reporter-output>
          </reporter-output>
        </test-method> <!-- testGetUsers -->
      </class> <!-- com.testapp.apitests.GetUsersTest -->
      <class name="com.testapp.apitests.DeleteUserTest">
        <test-method status="PASS" signature="init()[pri:0, instance:com.testapp.apitests.DeleteUserTest@f14a7d4]" name="init" is-config="true" duration-ms="0" started-at="2021-02-24T12:33:33 PST" finished-at="2021-02-24T12:33:33 PST">
          <reporter-output>
          </reporter-output>
        </test-method> <!-- init -->
        <test-method status="PASS" signature="deleteUser()[pri:0, instance:com.testapp.apitests.DeleteUserTest@f14a7d4]" name="deleteUser" duration-ms="390" started-at="2021-02-24T12:33:33 PST" finished-at="2021-02-24T12:33:34 PST">
          <reporter-output>
          </reporter-output>
        </test-method> <!-- deleteUser -->
      </class> <!-- com.testapp.apitests.DeleteUserTest -->
      <class name="com.testapp.apitests.GetUserByIdTest">
        <test-method status="PASS" signature="init()[pri:0, instance:com.testapp.apitests.GetUserByIdTest@6b58b9e9]" name="init" is-config="true" duration-ms="1" started-at="2021-02-24T12:33:33 PST" finished-at="2021-02-24T12:33:33 PST">
          <reporter-output>
          </reporter-output>
        </test-method> <!-- init -->
        <test-method status="PASS" signature="testGetAUser()[pri:0, instance:com.testapp.apitests.GetUserByIdTest@6b58b9e9]" name="testGetAUser" duration-ms="339" started-at="2021-02-24T12:33:33 PST" finished-at="2021-02-24T12:33:33 PST">
          <reporter-output>
          </reporter-output>
        </test-method> <!-- testGetAUser -->
      </class> <!-- com.testapp.apitests.GetUserByIdTest -->
    </test> <!-- ApiRestAssuredTests -->
  </suite> <!-- Suite -->
</testng-results>
